
в•”в•ђв•ђв•ђв•ђв•ђв•ђв•ђв•ђв•ђв•ђв•ђв•ђв•ђв•ђв•ђв•ђв•ђв•ђв•ђв•ђв•ђв•ђв•ђв•ђв•ђв•ђв•ђв•ђв•ђв•ђв•ђв•ђв•ђв•ђв•ђв•ђв•ђв•ђв•ђв•ђв•ђв•ђв•ђв•ђв•ђв•ђв•—
в•‘                                              в•‘
в•‘   в–€в–€в–€в•—   в–€в–€в•— в–€в–€в–€в–€в–€в•— в–€в–€в–€в–€в–€в–€в•—  в–€в–€в–€в–€в–€в•—         в•‘
в•‘   в–€в–€в–€в–€в•—  в–€в–€в•‘в–€в–€в•”в•ђв•ђв–€в–€в•—в–€в–€в•”в•ђв•ђв–€в–€в•—в–€в–€в•”в•ђв•ђв–€в–€в•—        в•‘
в•‘   в–€в–€в•”в–€в–€в•— в–€в–€в•‘в–€в–€в–€в–€в–€в–€в–€в•‘в–€в–€в–€в–€в–€в–€в•”в•ќв–€в–€в–€в–€в–€в–€в–€в•‘        в•‘
в•‘   в–€в–€в•‘в•љв–€в–€в•—в–€в–€в•‘в–€в–€в•”в•ђв•ђв–€в–€в•‘в–€в–€в•”в•ђв•ђв–€в–€в•—в–€в–€в•”в•ђв•ђв–€в–€в•‘        в•‘
в•‘   в–€в–€в•‘ в•љв–€в–€в–€в–€в•‘в–€в–€в•‘  в–€в–€в•‘в–€в–€в•‘  в–€в–€в•‘в–€в–€в•‘  в–€в–€в•‘        в•‘
в•‘   в•љв•ђв•ќ  в•љв•ђв•ђв•ђв•ќв•љв•ђв•ќ  в•љв•ђв•ќв•љв•ђв•ќ  в•љв•ђв•ќв•љв•ђв•ќ  в•љв•ђв•ќ        в•‘
в•‘                                              в•‘
в•‘   Multi-Wallet PoMI Miner v1.0               в•‘
в•‘   300 Wallets Г— Automated Mining             в•‘
в•‘                                              в•‘
в•љв•ђв•ђв•ђв•ђв•ђв•ђв•ђв•ђв•ђв•ђв•ђв•ђв•ђв•ђв•ђв•ђв•ђв•ђв•ђв•ђв•ђв•ђв•ђв•ђв•ђв•ђв•ђв•ђв•ђв•ђв•ђв•ђв•ђв•ђв•ђв•ђв•ђв•ђв•ђв•ђв•ђв•ђв•ђв•ђв•ђв•ђв•ќ
  
Config:
  RPC        : https://devnet-api.nara.build/
  Relay      : https://quest-api.nara.build/
  Main Wallet: 6VuzEzWFF6LBEqUg2haUzgQ1LvzMkjJyw8GKpK1i7rq7
  Wallets    : 300
  Concurrency: 10
  Auto Consol: every 5 rounds

Starting miner... (Ctrl+C to stop)


в•”в•ђв•ђв•ђв•ђв•ђв•ђв•ђв•ђв•ђв•ђв•ђв•ђв•ђв•ђв•ђв•ђв•ђв•ђв•ђв•ђв•ђв•ђв•ђв•ђв•ђв•ђв•ђв•ђв•ђв•ђв•ђв•ђв•ђв•ђв•ђв•ђв•ђв•ђв•—
в•‘   NARA MULTI-WALLET MINER v1.0      в•‘
в•љв•ђв•ђв•ђв•ђв•ђв•ђв•ђв•ђв•ђв•ђв•ђв•ђв•ђв•ђв•ђв•ђв•ђв•ђв•ђв•ђв•ђв•ђв•ђв•ђв•ђв•ђв•ђв•ђв•ђв•ђв•ђв•ђв•ђв•ђв•ђв•ђв•ђв•ђв•ќ

[2026-04-15 14:44:03] [INF] Loaded 300 wallets
[2026-04-15 14:44:03] [INF] RPC: https://devnet-api.nara.build/
[2026-04-15 14:44:03] [INF] Relay: https://quest-api.nara.build/
[2026-04-15 14:44:03] [INF] Main Wallet: 6VuzEzWFF6LBEqUg2haUzgQ1LvzMkjJyw8GKpK1i7rq7
[2026-04-15 14:44:03] [INF] Concurrency: 10

[2026-04-15 14:44:03] [INF] Fetching quest...
[2026-04-15 14:44:04] [INF] 
в•ђв•ђв•ђ ROUND 1 в•ђв•ђв•ђ
[2026-04-15 14:44:04] [INF] Question: Sort the digits of 73351 in ascending order.
[2026-04-15 14:44:04] [INF] Reward: 6 NARA x 20 slots
[2026-04-15 14:44:04] [INF] Remaining slots: 20
[2026-04-15 14:44:04] [INF] Deadline: 11s
[2026-04-15 14:44:04] [ERR] Gabisa solve: "Sort the digits of 73351 in ascending order."
[2026-04-15 14:44:09] [INF] Fetching quest...
[2026-04-15 14:44:14] [INF] Fetching quest...
[2026-04-15 14:44:19] [INF] Fetching quest...
[2026-04-15 14:44:19] [INF] 
в•ђв•ђв•ђ ROUND 2 в•ђв•ђв•ђ
[2026-04-15 14:44:19] [INF] Question: Replace every 'z' in 'visualization' with 'q'.
[2026-04-15 14:44:19] [INF] Reward: 6 NARA x 20 slots
[2026-04-15 14:44:19] [INF] Remaining slots: 20
[2026-04-15 14:44:19] [INF] Deadline: 41s
[2026-04-15 14:44:19] [ERR] Gabisa solve: "Replace every 'z' in 'visualization' with 'q'."
[2026-04-15 14:44:24] [INF] Fetching quest...
[2026-04-15 14:44:30] [INF] Fetching quest...
[2026-04-15 14:44:35] [INF] Fetching quest...
[2026-04-15 14:44:40] [INF] Fetching quest...
[2026-04-15 14:44:45] [INF] Fetching quest...
[2026-04-15 14:44:51] [INF] Fetching quest...
[2026-04-15 14:44:56] [INF] Fetching quest...
[2026-04-15 14:45:01] [INF] Fetching quest...
[2026-04-15 14:45:02] [INF] 
в•ђв•ђв•ђ ROUND 3 в•ђв•ђв•ђ
[2026-04-15 14:45:02] [INF] Question: Interleave 'uhhr' and 'hfma' character by character.
[2026-04-15 14:45:02] [INF] Reward: 6 NARA x 20 slots
[2026-04-15 14:45:02] [INF] Remaining slots: 20
[2026-04-15 14:45:02] [INF] Deadline: 43s
[2026-04-15 14:45:02] [ERR] Gabisa solve: "Interleave 'uhhr' and 'hfma' character by character."
[2026-04-15 14:45:07] [INF] Fetching quest...
[2026-04-15 14:45:12] [INF] Fetching quest...
[2026-04-15 14:45:17] [INF] Fetching quest...
[2026-04-15 14:45:23] [INF] Fetching quest...
[2026-04-15 14:45:28] [INF] Fetching quest...
[2026-04-15 14:45:33] [INF] Fetching quest...
[2026-04-15 14:45:38] [INF] Fetching quest...
[2026-04-15 14:45:44] [INF] Fetching quest...
[2026-04-15 14:45:49] [INF] Fetching quest...
[2026-04-15 14:45:49] [INF] 
в•ђв•ђв•ђ ROUND 4 в•ђв•ђв•ђ
[2026-04-15 14:45:49] [INF] Question: What is 777 / 37?
[2026-04-15 14:45:49] [INF] Reward: 6 NARA x 20 slots
[2026-04-15 14:45:49] [INF] Remaining slots: 20
[2026-04-15 14:45:49] [INF] Deadline: 41s
[2026-04-15 14:45:49] [INF] Answer: 21
[2026-04-15 14:45:49] [W-004] Generating ZK proof...
[2026-04-15 14:45:49] [W-001] Generating ZK proof...
[2026-04-15 14:45:50] [W-005] Generating ZK proof...
[2026-04-15 14:45:50] [W-006] Generating ZK proof...
[2026-04-15 14:45:50] [W-000] Generating ZK proof...
[2026-04-15 14:45:50] [W-003] Generating ZK proof...
[2026-04-15 14:45:52] [W-004] Submitting answer...
